<?xml version="1.0" encoding="UTF-8"?>
<testsuite xmlns:xsi="http://www.w3.org/2001/XMLSchema-instance" xsi:noNamespaceSchemaLocation="https://maven.apache.org/surefire/maven-surefire-plugin/xsd/surefire-test-report-3.0.xsd" version="3.0" name="PlayerTest" time="0.005" tests="4" errors="0" skipped="0" failures="0">
  <properties>
    <property name="java.specification.version" value="24"/>
    <property name="sun.jnu.encoding" value="UTF-8"/>
    <property name="java.class.path" value="/Users/marco/Documents/repos/dangeon_explorer/target/test-classes:/Users/marco/Documents/repos/dangeon_explorer/target/classes:/Users/marco/.m2/repository/org/junit/jupiter/junit-jupiter/5.10.0/junit-jupiter-5.10.0.jar:/Users/marco/.m2/repository/org/junit/jupiter/junit-jupiter-params/5.10.0/junit-jupiter-params-5.10.0.jar:/Users/marco/.m2/repository/org/junit/jupiter/junit-jupiter-api/5.10.2/junit-jupiter-api-5.10.2.jar:/Users/marco/.m2/repository/org/opentest4j/opentest4j/1.3.0/opentest4j-1.3.0.jar:/Users/marco/.m2/repository/org/junit/platform/junit-platform-commons/1.10.2/junit-platform-commons-1.10.2.jar:/Users/marco/.m2/repository/org/apiguardian/apiguardian-api/1.1.2/apiguardian-api-1.1.2.jar:/Users/marco/.m2/repository/org/junit/jupiter/junit-jupiter-engine/5.10.2/junit-jupiter-engine-5.10.2.jar:/Users/marco/.m2/repository/org/junit/platform/junit-platform-engine/1.10.2/junit-platform-engine-1.10.2.jar:/Users/marco/.m2/repository/org/mockito/mockito-core/5.11.0/mockito-core-5.11.0.jar:/Users/marco/.m2/repository/net/bytebuddy/byte-buddy/1.14.12/byte-buddy-1.14.12.jar:/Users/marco/.m2/repository/net/bytebuddy/byte-buddy-agent/1.14.12/byte-buddy-agent-1.14.12.jar:/Users/marco/.m2/repository/org/objenesis/objenesis/3.3/objenesis-3.3.jar:/Users/marco/.m2/repository/org/openjfx/javafx-controls/19.0.2/javafx-controls-19.0.2.jar:/Users/marco/.m2/repository/org/openjfx/javafx-controls/19.0.2/javafx-controls-19.0.2-mac-aarch64.jar:/Users/marco/.m2/repository/org/openjfx/javafx-graphics/19.0.2/javafx-graphics-19.0.2.jar:/Users/marco/.m2/repository/org/openjfx/javafx-graphics/19.0.2/javafx-graphics-19.0.2-mac-aarch64.jar:/Users/marco/.m2/repository/org/openjfx/javafx-base/19.0.2/javafx-base-19.0.2.jar:/Users/marco/.m2/repository/org/openjfx/javafx-base/19.0.2/javafx-base-19.0.2-mac-aarch64.jar:/Users/marco/.m2/repository/com/fasterxml/jackson/core/jackson-databind/2.15.2/jackson-databind-2.15.2.jar:/Users/marco/.m2/repository/com/fasterxml/jackson/core/jackson-annotations/2.15.2/jackson-annotations-2.15.2.jar:/Users/marco/.m2/repository/com/fasterxml/jackson/core/jackson-core/2.15.2/jackson-core-2.15.2.jar:"/>
    <property name="java.vm.vendor" value="Oracle Corporation"/>
    <property name="sun.arch.data.model" value="64"/>
    <property name="java.vendor.url" value="https://java.oracle.com/"/>
    <property name="user.timezone" value="Europe/Rome"/>
    <property name="os.name" value="Mac OS X"/>
    <property name="java.vm.specification.version" value="24"/>
    <property name="user.country" value="IT"/>
    <property name="sun.java.launcher" value="SUN_STANDARD"/>
    <property name="sun.boot.library.path" value="/Library/Java/JavaVirtualMachines/jdk-24.jdk/Contents/Home/lib"/>
    <property name="sun.java.command" value="/Users/marco/Documents/repos/dangeon_explorer/target/surefire/surefirebooter-20250522180024848_3.jar /Users/marco/Documents/repos/dangeon_explorer/target/surefire 2025-05-22T18-00-24_818-jvmRun1 surefire-20250522180024848_1tmp surefire_0-20250522180024848_2tmp"/>
    <property name="http.nonProxyHosts" value="local|*.local|169.254/16|*.169.254/16"/>
    <property name="jdk.debug" value="release"/>
    <property name="surefire.test.class.path" value="/Users/marco/Documents/repos/dangeon_explorer/target/test-classes:/Users/marco/Documents/repos/dangeon_explorer/target/classes:/Users/marco/.m2/repository/org/junit/jupiter/junit-jupiter/5.10.0/junit-jupiter-5.10.0.jar:/Users/marco/.m2/repository/org/junit/jupiter/junit-jupiter-params/5.10.0/junit-jupiter-params-5.10.0.jar:/Users/marco/.m2/repository/org/junit/jupiter/junit-jupiter-api/5.10.2/junit-jupiter-api-5.10.2.jar:/Users/marco/.m2/repository/org/opentest4j/opentest4j/1.3.0/opentest4j-1.3.0.jar:/Users/marco/.m2/repository/org/junit/platform/junit-platform-commons/1.10.2/junit-platform-commons-1.10.2.jar:/Users/marco/.m2/repository/org/apiguardian/apiguardian-api/1.1.2/apiguardian-api-1.1.2.jar:/Users/marco/.m2/repository/org/junit/jupiter/junit-jupiter-engine/5.10.2/junit-jupiter-engine-5.10.2.jar:/Users/marco/.m2/repository/org/junit/platform/junit-platform-engine/1.10.2/junit-platform-engine-1.10.2.jar:/Users/marco/.m2/repository/org/mockito/mockito-core/5.11.0/mockito-core-5.11.0.jar:/Users/marco/.m2/repository/net/bytebuddy/byte-buddy/1.14.12/byte-buddy-1.14.12.jar:/Users/marco/.m2/repository/net/bytebuddy/byte-buddy-agent/1.14.12/byte-buddy-agent-1.14.12.jar:/Users/marco/.m2/repository/org/objenesis/objenesis/3.3/objenesis-3.3.jar:/Users/marco/.m2/repository/org/openjfx/javafx-controls/19.0.2/javafx-controls-19.0.2.jar:/Users/marco/.m2/repository/org/openjfx/javafx-controls/19.0.2/javafx-controls-19.0.2-mac-aarch64.jar:/Users/marco/.m2/repository/org/openjfx/javafx-graphics/19.0.2/javafx-graphics-19.0.2.jar:/Users/marco/.m2/repository/org/openjfx/javafx-graphics/19.0.2/javafx-graphics-19.0.2-mac-aarch64.jar:/Users/marco/.m2/repository/org/openjfx/javafx-base/19.0.2/javafx-base-19.0.2.jar:/Users/marco/.m2/repository/org/openjfx/javafx-base/19.0.2/javafx-base-19.0.2-mac-aarch64.jar:/Users/marco/.m2/repository/com/fasterxml/jackson/core/jackson-databind/2.15.2/jackson-databind-2.15.2.jar:/Users/marco/.m2/repository/com/fasterxml/jackson/core/jackson-annotations/2.15.2/jackson-annotations-2.15.2.jar:/Users/marco/.m2/repository/com/fasterxml/jackson/core/jackson-core/2.15.2/jackson-core-2.15.2.jar:"/>
    <property name="sun.cpu.endian" value="little"/>
    <property name="user.home" value="/Users/marco"/>
    <property name="user.language" value="it"/>
    <property name="java.specification.vendor" value="Oracle Corporation"/>
    <property name="java.version.date" value="2025-03-18"/>
    <property name="java.home" value="/Library/Java/JavaVirtualMachines/jdk-24.jdk/Contents/Home"/>
    <property name="file.separator" value="/"/>
    <property name="basedir" value="/Users/marco/Documents/repos/dangeon_explorer"/>
    <property name="java.vm.compressedOopsMode" value="Zero based"/>
    <property name="line.separator" value="&#10;"/>
    <property name="java.vm.specification.vendor" value="Oracle Corporation"/>
    <property name="java.specification.name" value="Java Platform API Specification"/>
    <property name="apple.awt.application.name" value="ForkedBooter"/>
    <property name="surefire.real.class.path" value="/Users/marco/Documents/repos/dangeon_explorer/target/surefire/surefirebooter-20250522180024848_3.jar"/>
    <property name="sun.management.compiler" value="HotSpot 64-Bit Tiered Compilers"/>
    <property name="ftp.nonProxyHosts" value="local|*.local|169.254/16|*.169.254/16"/>
    <property name="java.runtime.version" value="24+36-3646"/>
    <property name="user.name" value="marco"/>
    <property name="stdout.encoding" value="UTF-8"/>
    <property name="path.separator" value=":"/>
    <property name="os.version" value="15.5"/>
    <property name="java.runtime.name" value="Java(TM) SE Runtime Environment"/>
    <property name="file.encoding" value="UTF-8"/>
    <property name="java.vm.name" value="Java HotSpot(TM) 64-Bit Server VM"/>
    <property name="maven.ext.class.path" value="/Users/marco/.vscode/extensions/oracle.oracle-java-24.0.0/nbcode/java/maven-nblib/netbeans-eventspy.jar"/>
    <property name="localRepository" value="/Users/marco/.m2/repository"/>
    <property name="java.vendor.url.bug" value="https://bugreport.java.com/bugreport/"/>
    <property name="java.io.tmpdir" value="/var/folders/2m/9sz1sqld6bld311whc5ksrnw0000gn/T/"/>
    <property name="java.version" value="24"/>
    <property name="user.dir" value="/Users/marco/Documents/repos/dangeon_explorer"/>
    <property name="os.arch" value="aarch64"/>
    <property name="java.vm.specification.name" value="Java Virtual Machine Specification"/>
    <property name="native.encoding" value="UTF-8"/>
    <property name="java.library.path" value="/Users/marco/Library/Java/Extensions:/Library/Java/Extensions:/Network/Library/Java/Extensions:/System/Library/Java/Extensions:/usr/lib/java:."/>
    <property name="java.vm.info" value="mixed mode, sharing"/>
    <property name="stderr.encoding" value="UTF-8"/>
    <property name="java.vendor" value="Oracle Corporation"/>
    <property name="java.vm.version" value="24+36-3646"/>
    <property name="sun.io.unicode.encoding" value="UnicodeBig"/>
    <property name="socksNonProxyHosts" value="local|*.local|169.254/16|*.169.254/16"/>
    <property name="java.class.version" value="68.0"/>
  </properties>
  <testcase name="testPlayerAttackWithWeapon" classname="PlayerTest" time="0.002">
    <system-out><![CDATA[Hai equipaggiato l'arma: Spada
]]></system-out>
    <system-err><![CDATA[mag 22, 2025 6:00:25 PM manfrinmarco.entities.Player <init>
INFO: Player creato: Eroe con HP iniziali: 100
mag 22, 2025 6:00:25 PM manfrinmarco.entities.Player equip
INFO: Player.equip: equipaggiato weapon = Spada
mag 22, 2025 6:00:25 PM manfrinmarco.config.GameConfig <clinit>
INFO: Caricamento configurazione da file: game.properties
mag 22, 2025 6:00:25 PM manfrinmarco.entities.Player attack
INFO: Player.attack: inflitti 25 danni a Dummy
]]></system-err>
  </testcase>
  <testcase name="testPlayerTakesDamageWithoutArmor" classname="PlayerTest" time="0.001">
    <system-err><![CDATA[mag 22, 2025 6:00:25 PM manfrinmarco.entities.Player <init>
INFO: Player creato: Eroe con HP iniziali: 100
mag 22, 2025 6:00:25 PM manfrinmarco.entities.Player takeDamage
INFO: Player.takeDamage: HP rimanenti = 70
]]></system-err>
  </testcase>
  <testcase name="testPlayerHeals" classname="PlayerTest" time="0.001">
    <system-err><![CDATA[mag 22, 2025 6:00:25 PM manfrinmarco.entities.Player <init>
INFO: Player creato: Eroe con HP iniziali: 100
mag 22, 2025 6:00:25 PM manfrinmarco.entities.Player takeDamage
INFO: Player.takeDamage: HP rimanenti = 50
mag 22, 2025 6:00:25 PM manfrinmarco.entities.Player heal
INFO: Player.heal: HP attuali = 80
]]></system-err>
  </testcase>
  <testcase name="testPlayerTakesDamageWithArmor" classname="PlayerTest" time="0.001">
    <system-out><![CDATA[Hai indossato l'armatura: Armatura Test
]]></system-out>
    <system-err><![CDATA[mag 22, 2025 6:00:25 PM manfrinmarco.entities.Player <init>
INFO: Player creato: Eroe con HP iniziali: 100
mag 22, 2025 6:00:25 PM manfrinmarco.entities.Player equip
INFO: Player.equip: equipaggiato armor = Armatura Test
mag 22, 2025 6:00:25 PM manfrinmarco.entities.Player takeDamage
INFO: Player.takeDamage: HP rimanenti = 80
]]></system-err>
  </testcase>
</testsuite>